<?xml version="1.0" encoding="UTF-8"?>
<!-- Generated by org.testng.reporters.JUnitXMLReporter -->
<testsuite ignored="0" hostname="Vijay" failures="0" tests="19" name="myTest" time="321.925" errors="0" timestamp="2023-10-18T15:13:43 IST">
  <testcase classname="testCases.TC_001_AccountRegistrationTest" name="test_accountRegistration" time="2.62"/>
  <testcase classname="testCases.TC_002_LoginTest" name="test_Login" time="3.381"/>
  <testcase classname="testCases.TC_003_DataDriven_Test" name="test_Login" time="3.102"/>
  <testcase classname="testCases.TC_003_DataDriven_Test" name="test_Login" time="21.743"/>
  <testcase classname="testCases.TC_003_DataDriven_Test" name="test_Login" time="24.469"/>
  <testcase classname="testCases.TC_003_DataDriven_Test" name="test_Login" time="21.467"/>
  <testcase classname="testCases.TC_003_DataDriven_Test" name="test_Login" time="1.806"/>
  <testcase classname="testCases.TC_005_Currency" name="test_Currency" time="2.624"/>
  <testcase classname="testCases.TC_006_ForgotPassword" name="test_forgotPassword" time="3.231"/>
  <testcase classname="testCases.TC_007_Serch" name="test_Serch" time="2.516"/>
  <testcase classname="testCases.TC_008_ProductComparission" name="test_ProductComparission" time="5.172"/>
  <testcase classname="testCases.TC_009_ProductDisplayPageTest" name="test_ProductDisplayPageTest" time="47.635"/>
  <testcase classname="testCases.TC_010_AddtoCart" name="test_AddtoCartTest" time="4.375"/>
  <testcase classname="testCases.TC_011_WishList" name="test_WishListTest" time="21.319"/>
  <testcase classname="testCases.TC_012_ShoppingCart" name="test_ShoppingCart" time="12.414"/>
  <testcase classname="testCases.TC_013_HomePage" name="test_HomePage" time="12.337"/>
  <testcase classname="testCases.TC_014_CheckOut" name="test_CheckOut" time="9.444"/>
  <testcase classname="testCases.TC_015_MyAccount" name="test_MyAccount" time="6.56"/>
  <testcase classname="testCases.TC_004_Logout" name="test_Logout" time="3.94"/>
</testsuite> <!-- myTest -->
