<?xml version="1.0" encoding="UTF-8"?>
<testng-results ignored="0" total="1" passed="1" failed="0" skipped="0">
  <reporter-output>
  </reporter-output>
  <suite started-at="2023-10-20T19:44:09 IST" name="Default suite" finished-at="2023-10-20T19:44:30 IST" duration-ms="21485">
    <groups>
      <group name="master">
        <method signature="TC_018_AdressBook.test_AdressBook()[pri:0, instance:testCases.TC_018_AdressBook@350aac89]" name="test_AdressBook" class="testCases.TC_018_AdressBook"/>
      </group> <!-- master -->
    </groups>
    <test started-at="2023-10-20T19:44:09 IST" name="Default test" finished-at="2023-10-20T19:44:30 IST" duration-ms="21485">
      <class name="testCases.TC_018_AdressBook">
        <test-method is-config="true" signature="setup(java.lang.String)[pri:0, instance:testCases.TC_018_AdressBook@350aac89]" started-at="2023-10-20T19:44:09 IST" name="setup" finished-at="2023-10-20T19:44:24 IST" duration-ms="15034" status="PASS">
          <params>
            <param index="0">
              <value>
                <![CDATA[chrome]]>
              </value>
            </param>
          </params>
          <reporter-output>
          </reporter-output>
        </test-method> <!-- setup -->
        <test-method signature="test_AdressBook()[pri:0, instance:testCases.TC_018_AdressBook@350aac89]" started-at="2023-10-20T19:44:24 IST" name="test_AdressBook" finished-at="2023-10-20T19:44:30 IST" duration-ms="6382" status="PASS">
          <reporter-output>
          </reporter-output>
        </test-method> <!-- test_AdressBook -->
      </class> <!-- testCases.TC_018_AdressBook -->
    </test> <!-- Default test -->
  </suite> <!-- Default suite -->
</testng-results>
